<?xml version="1.0" encoding="UTF-8"?>
<!-- Generated by org.testng.reporters.JUnitXMLReporter -->
<testsuite hostname="Ns-MacBook-Pro.local" ignored="1" name="Default test" tests="2" failures="0" timestamp="11 Sep 2018 14:17:02 GMT" time="7.889" errors="0">
  <testcase name="open" time="4.827" classname="lab.Main"/>
  <testcase name="checkBox" time="0.076" classname="lab.Main"/>
  <testcase name="radioButton" time="0.0" classname="lab.Main">
    <ignored/>
  </testcase> <!-- radioButton -->
</testsuite> <!-- Default test -->
