<?xml version="1.0" encoding="UTF-8"?>
<!-- Generated by org.testng.reporters.JUnitXMLReporter -->
<testsuite hostname="Ns-MacBook-Pro.local" ignored="0" name="Default test" tests="3" failures="0" timestamp="12 Sep 2018 13:21:49 GMT" time="12.368" errors="0">
  <testcase name="getTextFromElement" time="0.006" classname="lab.Main"/>
  <testcase name="checkBoxWithJavascriptExecutor" time="2.994" classname="lab.Main"/>
  <testcase name="radioButton" time="1.72" classname="lab.Main"/>
</testsuite> <!-- Default test -->
