<?xml version="1.0" encoding="UTF-8"?>
<testng-results skipped="0" failed="0" ignored="1" total="3" passed="2">
  <reporter-output>
  </reporter-output>
  <suite name="Default suite" duration-ms="7889" started-at="2018-09-11T14:16:53Z" finished-at="2018-09-11T14:17:01Z">
    <groups>
    </groups>
    <test name="Default test" duration-ms="7889" started-at="2018-09-11T14:16:53Z" finished-at="2018-09-11T14:17:01Z">
      <class name="lab.Main">
        <test-method status="PASS" signature="setUp()[pri:0, instance:lab.Main@343f4d3d]" name="setUp" is-config="true" duration-ms="2967" started-at="2018-09-11T10:16:53Z" finished-at="2018-09-11T10:16:56Z">
          <reporter-output>
          </reporter-output>
        </test-method> <!-- setUp -->
        <test-method status="PASS" signature="open()[pri:1, instance:lab.Main@343f4d3d]" name="open" duration-ms="4827" started-at="2018-09-11T10:16:56Z" finished-at="2018-09-11T10:17:01Z">
          <reporter-output>
          </reporter-output>
        </test-method> <!-- open -->
        <test-method status="PASS" signature="checkBox()[pri:2, instance:lab.Main@343f4d3d]" name="checkBox" duration-ms="76" started-at="2018-09-11T10:17:01Z" finished-at="2018-09-11T10:17:01Z">
          <reporter-output>
          </reporter-output>
        </test-method> <!-- checkBox -->
      </class> <!-- lab.Main -->
    </test> <!-- Default test -->
  </suite> <!-- Default suite -->
</testng-results>
